<?xml version="1.0" encoding="UTF-8"?>
<testsuite xmlns:xsi="http://www.w3.org/2001/XMLSchema-instance" xsi:noNamespaceSchemaLocation="https://maven.apache.org/surefire/maven-surefire-plugin/xsd/surefire-test-report.xsd" name="br.com.rhribeiro25.SmartLog.controller.LogControllerTests" time="14.48" tests="37" errors="0" skipped="0" failures="0">
  <properties>
[...]
</properties>
  <testcase name="deleteHttpStatus200" classname="br.com.rhribeiro25.SmartLog.controller.LogControllerTests" time="1.049"/>
  <testcase name="deleteHttpStatus401" classname="br.com.rhribeiro25.SmartLog.controller.LogControllerTests" time="0.115"/>
  <testcase name="deleteHttpStatus403" classname="br.com.rhribeiro25.SmartLog.controller.LogControllerTests" time="0.093"/>
  <testcase name="deleteHttpStatus404" classname="br.com.rhribeiro25.SmartLog.controller.LogControllerTests" time="0.028"/>
  <testcase name="deleteHttpStatus405" classname="br.com.rhribeiro25.SmartLog.controller.LogControllerTests" time="0.07"/>
  <testcase name="deleteHttpStatus500" classname="br.com.rhribeiro25.SmartLog.controller.LogControllerTests" time="0.079"/>
  <testcase name="updateHttpStatus200" classname="br.com.rhribeiro25.SmartLog.controller.LogControllerTests" time="0.122"/>
  <testcase name="updateHttpStatus400" classname="br.com.rhribeiro25.SmartLog.controller.LogControllerTests" time="0.066"/>
  <testcase name="updateHttpStatus403" classname="br.com.rhribeiro25.SmartLog.controller.LogControllerTests" time="0.068"/>
  <testcase name="updateHttpStatus404" classname="br.com.rhribeiro25.SmartLog.controller.LogControllerTests" time="0.011"/>
  <testcase name="updateHttpStatus405" classname="br.com.rhribeiro25.SmartLog.controller.LogControllerTests" time="0.069"/>
  <testcase name="findByIpHttpStatus200" classname="br.com.rhribeiro25.SmartLog.controller.LogControllerTests" time="0.086"/>
  <testcase name="findByIpHttpStatus401" classname="br.com.rhribeiro25.SmartLog.controller.LogControllerTests" time="0.067"/>
  <testcase name="findByIpHttpStatus404" classname="br.com.rhribeiro25.SmartLog.controller.LogControllerTests" time="0.007"/>
  <testcase name="findByIpHttpStatus405" classname="br.com.rhribeiro25.SmartLog.controller.LogControllerTests" time="0.065"/>
  <testcase name="findAllHttpStatus200" classname="br.com.rhribeiro25.SmartLog.controller.LogControllerTests" time="0.068"/>
  <testcase name="findAllHttpStatus401" classname="br.com.rhribeiro25.SmartLog.controller.LogControllerTests" time="0.073"/>
  <testcase name="findAllHttpStatus404" classname="br.com.rhribeiro25.SmartLog.controller.LogControllerTests" time="0.009"/>
  <testcase name="findAllHttpStatus405" classname="br.com.rhribeiro25.SmartLog.controller.LogControllerTests" time="0.068"/>
  <testcase name="createHttpStatus201" classname="br.com.rhribeiro25.SmartLog.controller.LogControllerTests" time="0.09"/>
  <testcase name="createHttpStatus403" classname="br.com.rhribeiro25.SmartLog.controller.LogControllerTests" time="0.064"/>
  <testcase name="createHttpStatus404" classname="br.com.rhribeiro25.SmartLog.controller.LogControllerTests" time="0.01"/>
  <testcase name="createHttpStatus405" classname="br.com.rhribeiro25.SmartLog.controller.LogControllerTests" time="0.065"/>
  <testcase name="createHttpStatus415" classname="br.com.rhribeiro25.SmartLog.controller.LogControllerTests" time="0.065"/>
  <testcase name="findByStatusHttpStatus200" classname="br.com.rhribeiro25.SmartLog.controller.LogControllerTests" time="0.063"/>
  <testcase name="findByStatusHttpStatus401" classname="br.com.rhribeiro25.SmartLog.controller.LogControllerTests" time="0.065"/>
  <testcase name="findByStatusHttpStatus404" classname="br.com.rhribeiro25.SmartLog.controller.LogControllerTests" time="0.007"/>
  <testcase name="findByStatusHttpStatus405" classname="br.com.rhribeiro25.SmartLog.controller.LogControllerTests" time="0.064"/>
  <testcase name="findByIdHttpStatus200" classname="br.com.rhribeiro25.SmartLog.controller.LogControllerTests" time="0.063"/>
  <testcase name="findByIdHttpStatus400" classname="br.com.rhribeiro25.SmartLog.controller.LogControllerTests" time="0.071"/>
  <testcase name="findByIdHttpStatus401" classname="br.com.rhribeiro25.SmartLog.controller.LogControllerTests" time="0.072"/>
  <testcase name="findByIdHttpStatus404" classname="br.com.rhribeiro25.SmartLog.controller.LogControllerTests" time="0.065"/>
  <testcase name="findByIdHttpStatus405" classname="br.com.rhribeiro25.SmartLog.controller.LogControllerTests" time="0.071"/>
  <testcase name="findByCreatedAtBetweenHttpStatus200" classname="br.com.rhribeiro25.SmartLog.controller.LogControllerTests" time="0.065"/>
  <testcase name="findByCreatedAtBetweenHttpStatus401" classname="br.com.rhribeiro25.SmartLog.controller.LogControllerTests" time="0.066"/>
  <testcase name="findByCreatedAtBetweenHttpStatus404" classname="br.com.rhribeiro25.SmartLog.controller.LogControllerTests" time="0.067"/>
  <testcase name="findByCreatedAtBetweenHttpStatus405" classname="br.com.rhribeiro25.SmartLog.controller.LogControllerTests" time="0.075"/>
</testsuite>